# JRE version: Java(TM) SE Runtime Environment (7.0_80-b15) (build 1.7.0_80-b15)
# Java VM: Java HotSpot(TM) 64-Bit Server VM (24.80-b11 mixed mode windows-amd64 compressed oops)
Heap
 PSYoungGen      total 178176K, used 1480K [0x00000007d5c00000, 0x00000007e1200000, 0x0000000800000000)
  eden space 171008K, 0% used [0x00000007d5c00000,0x00000007d5d721e0,0x00000007e0300000)
  from space 7168K, 0% used [0x00000007e0300000,0x00000007e0300000,0x00000007e0a00000)
  to   space 7168K, 0% used [0x00000007e0b00000,0x00000007e0b00000,0x00000007e1200000)
 ParOldGen       total 1384448K, used 32743K [0x0000000781400000, 0x00000007d5c00000, 0x00000007d5c00000)
  object space 1384448K, 2% used [0x0000000781400000,0x00000007833f9d58,0x00000007d5c00000)
 PSPermGen       total 83968K, used 83967K [0x000000077c200000, 0x0000000781400000, 0x0000000781400000)
  object space 83968K, 99% used [0x000000077c200000,0x00000007813ffc18,0x0000000781400000)
GC Heap History (10 events):
Event: 1920.132 GC heap before
{Heap before GC invocations=146 (full 55):
 PSYoungGen      total 178176K, used 0K [0x00000007d5c00000, 0x00000007e1200000, 0x0000000800000000)
  eden space 169984K, 0% used [0x00000007d5c00000,0x00000007d5c00000,0x00000007e0200000)
  from space 8192K, 0% used [0x00000007e0200000,0x00000007e0200000,0x00000007e0a00000)
  to   space 7680K, 0% used [0x00000007e0a80000,0x00000007e0a80000,0x00000007e1200000)
 ParOldGen       total 1384448K, used 32885K [0x0000000781400000, 0x00000007d5c00000, 0x00000007d5c00000)
  object space 1384448K, 2% used [0x0000000781400000,0x000000078341d578,0x00000007d5c00000)
 PSPermGen       total 83968K, used 83967K [0x000000077c200000, 0x0000000781400000, 0x0000000781400000)
  object space 83968K, 99% used [0x000000077c200000,0x00000007813fff50,0x0000000781400000)
Event: 1920.284 GC heap after
Heap after GC invocations=146 (full 55):
 PSYoungGen      total 178176K, used 0K [0x00000007d5c00000, 0x00000007e1200000, 0x0000000800000000)
  eden space 169984K, 0% used [0x00000007d5c00000,0x00000007d5c00000,0x00000007e0200000)
  from space 8192K, 0% used [0x00000007e0200000,0x00000007e0200000,0x00000007e0a00000)
  to   space 7680K, 0% used [0x00000007e0a80000,0x00000007e0a80000,0x00000007e1200000)
 ParOldGen       total 1384448K, used 32844K [0x0000000781400000, 0x00000007d5c00000, 0x00000007d5c00000)
  object space 1384448K, 2% used [0x0000000781400000,0x00000007834133b8,0x00000007d5c00000)
 PSPermGen       total 83968K, used 83964K [0x000000077c200000, 0x0000000781400000, 0x0000000781400000)
  object space 83968K, 99% used [0x000000077c200000,0x00000007813ff370,0x0000000781400000)
}
Event: 1920.284 GC heap before
{Heap before GC invocations=147 (full 55):
 PSYoungGen      total 178176K, used 1232K [0x00000007d5c00000, 0x00000007e1200000, 0x0000000800000000)
  eden space 169984K, 0% used [0x00000007d5c00000,0x00000007d5d343c8,0x00000007e0200000)
  from space 8192K, 0% used [0x00000007e0200000,0x00000007e0200000,0x00000007e0a00000)
  to   space 7680K, 0% used [0x00000007e0a80000,0x00000007e0a80000,0x00000007e1200000)
 ParOldGen       total 1384448K, used 32844K [0x0000000781400000, 0x00000007d5c00000, 0x00000007d5c00000)
  object space 1384448K, 2% used [0x0000000781400000,0x00000007834133b8,0x00000007d5c00000)
 PSPermGen       total 83968K, used 83967K [0x000000077c200000, 0x0000000781400000, 0x0000000781400000)
  object space 83968K, 99% used [0x000000077c200000,0x00000007813ffc18,0x0000000781400000)
Event: 1920.287 GC heap after
Heap after GC invocations=147 (full 55):
 PSYoungGen      total 177664K, used 64K [0x00000007d5c00000, 0x00000007e1100000, 0x0000000800000000)
  eden space 171008K, 0% used [0x00000007d5c00000,0x00000007d5c00000,0x00000007e0300000)
  from space 6656K, 0% used [0x00000007e0a80000,0x00000007e0a90000,0x00000007e1100000)
  to   space 7168K, 0% used [0x00000007e0300000,0x00000007e0300000,0x00000007e0a00000)
 ParOldGen       total 1384448K, used 32844K [0x0000000781400000, 0x00000007d5c00000, 0x00000007d5c00000)
  object space 1384448K, 2% used [0x0000000781400000,0x00000007834133b8,0x00000007d5c00000)
 PSPermGen       total 83968K, used 83967K [0x000000077c200000, 0x0000000781400000, 0x0000000781400000)
  object space 83968K, 99% used [0x000000077c200000,0x00000007813ffc18,0x0000000781400000)
}
Event: 1920.287 GC heap before
{Heap before GC invocations=148 (full 56):
 PSYoungGen      total 177664K, used 64K [0x00000007d5c00000, 0x00000007e1100000, 0x0000000800000000)
  eden space 171008K, 0% used [0x00000007d5c00000,0x00000007d5c00000,0x00000007e0300000)
  from space 6656K, 0% used [0x00000007e0a80000,0x00000007e0a90000,0x00000007e1100000)
  to   space 7168K, 0% used [0x00000007e0300000,0x00000007e0300000,0x00000007e0a00000)
 ParOldGen       total 1384448K, used 32844K [0x0000000781400000, 0x00000007d5c00000, 0x00000007d5c00000)
  object space 1384448K, 2% used [0x0000000781400000,0x00000007834133b8,0x00000007d5c00000)
 PSPermGen       total 83968K, used 83967K [0x000000077c200000, 0x0000000781400000, 0x0000000781400000)
  object space 83968K, 99% used [0x000000077c200000,0x00000007813ffc18,0x0000000781400000)
Event: 1920.434 GC heap after
Heap after GC invocations=148 (full 56):
 PSYoungGen      total 177664K, used 0K [0x00000007d5c00000, 0x00000007e1100000, 0x0000000800000000)
  eden space 171008K, 0% used [0x00000007d5c00000,0x00000007d5c00000,0x00000007e0300000)
  from space 6656K, 0% used [0x00000007e0a80000,0x00000007e0a80000,0x00000007e1100000)
  to   space 7168K, 0% used [0x00000007e0300000,0x00000007e0300000,0x00000007e0a00000)
 ParOldGen       total 1384448K, used 32743K [0x0000000781400000, 0x00000007d5c00000, 0x00000007d5c00000)
  object space 1384448K, 2% used [0x0000000781400000,0x00000007833f9e38,0x00000007d5c00000)
 PSPermGen       total 83968K, used 83967K [0x000000077c200000, 0x0000000781400000, 0x0000000781400000)
  object space 83968K, 99% used [0x000000077c200000,0x00000007813ffc18,0x0000000781400000)
}
Event: 1920.434 GC heap before
{Heap before GC invocations=149 (full 56):
 PSYoungGen      total 177664K, used 0K [0x00000007d5c00000, 0x00000007e1100000, 0x0000000800000000)
  eden space 171008K, 0% used [0x00000007d5c00000,0x00000007d5c00000,0x00000007e0300000)
  from space 6656K, 0% used [0x00000007e0a80000,0x00000007e0a80000,0x00000007e1100000)
  to   space 7168K, 0% used [0x00000007e0300000,0x00000007e0300000,0x00000007e0a00000)
 ParOldGen       total 1384448K, used 32743K [0x0000000781400000, 0x00000007d5c00000, 0x00000007d5c00000)
  object space 1384448K, 2% used [0x0000000781400000,0x00000007833f9e38,0x00000007d5c00000)
 PSPermGen       total 83968K, used 83967K [0x000000077c200000, 0x0000000781400000, 0x0000000781400000)
  object space 83968K, 99% used [0x000000077c200000,0x00000007813ffc18,0x0000000781400000)
Event: 1920.436 GC heap after
Heap after GC invocations=149 (full 56):
 PSYoungGen      total 178176K, used 0K [0x00000007d5c00000, 0x00000007e1200000, 0x0000000800000000)
  eden space 171008K, 0% used [0x00000007d5c00000,0x00000007d5c00000,0x00000007e0300000)
  from space 7168K, 0% used [0x00000007e0300000,0x00000007e0300000,0x00000007e0a00000)
  to   space 7168K, 0% used [0x00000007e0b00000,0x00000007e0b00000,0x00000007e1200000)
 ParOldGen       total 1384448K, used 32743K [0x0000000781400000, 0x00000007d5c00000, 0x00000007d5c00000)
  object space 1384448K, 2% used [0x0000000781400000,0x00000007833f9e38,0x00000007d5c00000)
 PSPermGen       total 83968K, used 83967K [0x000000077c200000, 0x0000000781400000, 0x0000000781400000)
  object space 83968K, 99% used [0x000000077c200000,0x00000007813ffc18,0x0000000781400000)
}
Event: 1920.436 GC heap before
{Heap before GC invocations=150 (full 57):
 PSYoungGen      total 178176K, used 0K [0x00000007d5c00000, 0x00000007e1200000, 0x0000000800000000)
  eden space 171008K, 0% used [0x00000007d5c00000,0x00000007d5c00000,0x00000007e0300000)
  from space 7168K, 0% used [0x00000007e0300000,0x00000007e0300000,0x00000007e0a00000)
  to   space 7168K, 0% used [0x00000007e0b00000,0x00000007e0b00000,0x00000007e1200000)
 ParOldGen       total 1384448K, used 32743K [0x0000000781400000, 0x00000007d5c00000, 0x00000007d5c00000)
  object space 1384448K, 2% used [0x0000000781400000,0x00000007833f9e38,0x00000007d5c00000)
 PSPermGen       total 83968K, used 83967K [0x000000077c200000, 0x0000000781400000, 0x0000000781400000)
  object space 83968K, 99% used [0x000000077c200000,0x00000007813ffc18,0x0000000781400000)
Event: 1920.571 GC heap after
Heap after GC invocations=150 (full 57):
 PSYoungGen      total 178176K, used 0K [0x00000007d5c00000, 0x00000007e1200000, 0x0000000800000000)
  eden space 171008K, 0% used [0x00000007d5c00000,0x00000007d5c00000,0x00000007e0300000)
  from space 7168K, 0% used [0x00000007e0300000,0x00000007e0300000,0x00000007e0a00000)
  to   space 7168K, 0% used [0x00000007e0b00000,0x00000007e0b00000,0x00000007e1200000)
 ParOldGen       total 1384448K, used 32743K [0x0000000781400000, 0x00000007d5c00000, 0x00000007d5c00000)
  object space 1384448K, 2% used [0x0000000781400000,0x00000007833f9d58,0x00000007d5c00000)
 PSPermGen       total 83968K, used 83967K [0x000000077c200000, 0x0000000781400000, 0x0000000781400000)
  object space 83968K, 99% used [0x000000077c200000,0x00000007813ffc18,0x0000000781400000)
}

